#
# There is insufficient memory for the Java Runtime Environment to continue.
# Native memory allocation (malloc) failed to allocate 874032 bytes for Chunk::new
# Possible reasons:
#   The system is out of physical RAM or swap space
#   The process is running with CompressedOops enabled, and the Java Heap may be blocking the growth of the native heap
# Possible solutions:
#   Reduce memory load on the system
#   Increase physical memory or swap space
#   Check if swap backing store is full
#   Decrease Java heap size (-Xmx/-Xms)
#   Decrease number of Java threads
#   Decrease Java thread stack sizes (-Xss)
#   Set larger code cache with -XX:ReservedCodeCacheSize=
#   JVM is running with Unscaled Compressed Oops mode in which the Java heap is
#     placed in the first 4GB address space. The Java Heap base address is the
#     maximum limit for the native heap growth. Please use -XX:HeapBaseMinAddress
#     to set the Java Heap base and to place the Java Heap above 4GB virtual address.
# This output file may be truncated or incomplete.
#
#  Out of Memory Error (arena.cpp:184), pid=12004, tid=16132
#
# JRE version: Java(TM) SE Runtime Environment (18.0.2.1+1) (build 18.0.2.1+1-1)
# Java VM: Java HotSpot(TM) 64-Bit Server VM (18.0.2.1+1-1, mixed mode, sharing, tiered, compressed oops, compressed class ptrs, g1 gc, windows-amd64)
# No core dump will be written. Minidumps are not enabled by default on client versions of Windows
#

---------------  S U M M A R Y ------------

Command Line: -XX:MaxMetaspaceSize=512m --add-opens=java.base/java.util=ALL-UNNAMED --add-opens=java.base/java.lang=ALL-UNNAMED --add-opens=java.base/java.lang.invoke=ALL-UNNAMED --add-opens=java.prefs/java.util.prefs=ALL-UNNAMED --add-opens=java.base/java.nio.charset=ALL-UNNAMED --add-opens=java.base/java.net=ALL-UNNAMED --add-opens=java.base/java.util.concurrent.atomic=ALL-UNNAMED -Xmx2048m -Dfile.encoding=UTF-8 -Duser.country=KR -Duser.language=ko -Duser.variant -javaagent:C:\Users\parkj\.gradle\wrapper\dists\gradle-8.5-all\3zlzzgtsutfj0pbojr50n2l7z\gradle-8.5\lib\agents\gradle-instrumentation-agent-8.5.jar org.gradle.launcher.daemon.bootstrap.GradleDaemon 8.5

Host: Intel(R) Core(TM) i5-1035G4 CPU @ 1.10GHz, 8 cores, 7G,  Windows 11 , 64 bit Build 22621 (10.0.22621.3646)
Time: Fri Jul 26 15:52:40 2024  Windows 11 , 64 bit Build 22621 (10.0.22621.3646) elapsed time: 20.978241 seconds (0d 0h 0m 20s)

---------------  T H R E A D  ---------------

Current thread (0x00000192c077c4f0):  JavaThread "C2 CompilerThread1" daemon [_thread_in_native, id=16132, stack(0x0000004453500000,0x0000004453600000)]


Current CompileTask:
C2:  20978 6477       4       java.lang.invoke.InvokerBytecodeGenerator::addMethod (725 bytes)

Stack: [0x0000004453500000,0x0000004453600000]
Native frames: (J=compiled Java code, j=interpreted, Vv=VM code, C=native code)
V  [jvm.dll+0x6993aa]
V  [jvm.dll+0x7f46dd]
V  [jvm.dll+0x7f5fee]
V  [jvm.dll+0x7f66a3]
V  [jvm.dll+0x25cf1f]
V  [jvm.dll+0xb8c2f]
V  [jvm.dll+0xb8fa5]
V  [jvm.dll+0x3860cb]
V  [jvm.dll+0x1d2b72]
V  [jvm.dll+0x230259]
V  [jvm.dll+0x22f4d1]
V  [jvm.dll+0x1ba01c]
V  [jvm.dll+0x23ee0a]
V  [jvm.dll+0x23d0f5]
V  [jvm.dll+0x7a6dd1]
V  [jvm.dll+0x7a120a]
V  [jvm.dll+0x698255]
C  [ucrtbase.dll+0x29333]
C  [KERNEL32.DLL+0x1257d]
C  [ntdll.dll+0x5af28]


---------------  P R O C E S S  ---------------

Threads class SMR info:
_java_thread_list=0x00000192c2a3cd60, length=59, elements={
0x000001929be1efc0, 0x00000192ba0523c0, 0x00000192ba052d60, 0x00000192ba065530,
0x00000192ba065de0, 0x00000192ba068ec0, 0x00000192ba069860, 0x00000192ba06b540,
0x00000192ba07da60, 0x00000192ba09df70, 0x00000192ba038640, 0x00000192be594e70,
0x00000192bfc9c450, 0x00000192beecf490, 0x00000192bfc23950, 0x00000192bef518e0,
0x00000192bfad8090, 0x00000192bfb44910, 0x00000192bffce830, 0x00000192bf6dd8c0,
0x00000192bef098c0, 0x00000192bfe76210, 0x00000192bfe77550, 0x00000192bfe77ef0,
0x00000192bfe78d60, 0x00000192bfe75d40, 0x00000192bfe766e0, 0x00000192bfe76bb0,
0x00000192bfe77080, 0x00000192bfe77a20, 0x00000192bef24780, 0x00000192bef25f90,
0x00000192bef28140, 0x00000192bef242b0, 0x00000192bef28ae0, 0x00000192bef22f70,
0x00000192bef29950, 0x00000192bef22aa0, 0x00000192bef26460, 0x00000192bef22100,
0x00000192bef28610, 0x00000192bef23440, 0x00000192bef23de0, 0x00000192bef23910,
0x00000192bef29480, 0x00000192bef25120, 0x00000192bef28fb0, 0x00000192bef255f0,
0x00000192bef26930, 0x00000192bef272d0, 0x00000192bef277a0, 0x00000192bef27c70,
0x00000192bfe79230, 0x00000192c0f41cb0, 0x00000192c0f46e80, 0x00000192c0f48690,
0x00000192c0f46010, 0x00000192c077c4f0, 0x00000192c0f481c0
}

Java Threads: ( => current thread )
  0x000001929be1efc0 JavaThread "main" [_thread_blocked, id=6064, stack(0x000000444ed00000,0x000000444ee00000)]
  0x00000192ba0523c0 JavaThread "Reference Handler" daemon [_thread_blocked, id=20064, stack(0x000000444f400000,0x000000444f500000)]
  0x00000192ba052d60 JavaThread "Finalizer" daemon [_thread_blocked, id=19404, stack(0x000000444f500000,0x000000444f600000)]
  0x00000192ba065530 JavaThread "Signal Dispatcher" daemon [_thread_blocked, id=16180, stack(0x000000444f600000,0x000000444f700000)]
  0x00000192ba065de0 JavaThread "Attach Listener" daemon [_thread_blocked, id=1560, stack(0x000000444f700000,0x000000444f800000)]
  0x00000192ba068ec0 JavaThread "Service Thread" daemon [_thread_blocked, id=13200, stack(0x000000444f800000,0x000000444f900000)]
  0x00000192ba069860 JavaThread "Monitor Deflation Thread" daemon [_thread_blocked, id=20140, stack(0x000000444f900000,0x000000444fa00000)]
  0x00000192ba06b540 JavaThread "C2 CompilerThread0" daemon [_thread_in_native, id=5392, stack(0x000000444fa00000,0x000000444fb00000)]
  0x00000192ba07da60 JavaThread "C1 CompilerThread0" daemon [_thread_blocked, id=18148, stack(0x000000444fb00000,0x000000444fc00000)]
  0x00000192ba09df70 JavaThread "Sweeper thread" daemon [_thread_blocked, id=4428, stack(0x000000444fc00000,0x000000444fd00000)]
  0x00000192ba038640 JavaThread "Common-Cleaner" daemon [_thread_blocked, id=10192, stack(0x000000444fd00000,0x000000444fe00000)]
  0x00000192be594e70 JavaThread "Notification Thread" daemon [_thread_blocked, id=13064, stack(0x000000444fe00000,0x000000444ff00000)]
  0x00000192bfc9c450 JavaThread "Daemon health stats" [_thread_blocked, id=20420, stack(0x0000004450500000,0x0000004450600000)]
  0x00000192beecf490 JavaThread "Incoming local TCP Connector on port 59946" [_thread_in_native, id=19132, stack(0x0000004450000000,0x0000004450100000)]
  0x00000192bfc23950 JavaThread "Daemon periodic checks" [_thread_blocked, id=1476, stack(0x0000004450600000,0x0000004450700000)]
  0x00000192bef518e0 JavaThread "Daemon" [_thread_blocked, id=19340, stack(0x0000004450700000,0x0000004450800000)]
  0x00000192bfad8090 JavaThread "Handler for socket connection from /127.0.0.1:59946 to /127.0.0.1:59947" [_thread_in_native, id=712, stack(0x0000004450800000,0x0000004450900000)]
  0x00000192bfb44910 JavaThread "Cancel handler" [_thread_blocked, id=8020, stack(0x0000004450900000,0x0000004450a00000)]
  0x00000192bffce830 JavaThread "Daemon worker" [_thread_in_Java, id=13352, stack(0x0000004450a00000,0x0000004450b00000)]
  0x00000192bf6dd8c0 JavaThread "Asynchronous log dispatcher for DefaultDaemonConnection: socket connection from /127.0.0.1:59946 to /127.0.0.1:59947" [_thread_blocked, id=20228, stack(0x0000004450b00000,0x0000004450c00000)]
  0x00000192bef098c0 JavaThread "Stdin handler" [_thread_blocked, id=15408, stack(0x0000004450c00000,0x0000004450d00000)]
  0x00000192bfe76210 JavaThread "Daemon client event forwarder" [_thread_blocked, id=18680, stack(0x0000004450d00000,0x0000004450e00000)]
  0x00000192bfe77550 JavaThread "Cache worker for journal cache (C:\Users\parkj\.gradle\caches\journal-1)" [_thread_blocked, id=15628, stack(0x0000004450e00000,0x0000004450f00000)]
  0x00000192bfe77ef0 JavaThread "File lock request listener" [_thread_in_native, id=16488, stack(0x0000004450f00000,0x0000004451000000)]
  0x00000192bfe78d60 JavaThread "Cache worker for file hash cache (C:\Users\parkj\.gradle\caches\8.5\fileHashes)" [_thread_blocked, id=18088, stack(0x0000004451400000,0x0000004451500000)]
  0x00000192bfe75d40 JavaThread "File watcher server" daemon [_thread_in_native, id=14432, stack(0x0000004451500000,0x0000004451600000)]
  0x00000192bfe766e0 JavaThread "File watcher consumer" daemon [_thread_blocked, id=4544, stack(0x0000004451600000,0x0000004451700000)]
  0x00000192bfe76bb0 JavaThread "Cache worker for checksums cache (C:\Users\parkj\Codes\React-Native\TaskManager\android\.gradle\8.5\checksums)" [_thread_blocked, id=19108, stack(0x0000004451800000,0x0000004451900000)]
  0x00000192bfe77080 JavaThread "Cache worker for file hash cache (C:\Users\parkj\Codes\React-Native\TaskManager\android\.gradle\8.5\fileHashes)" [_thread_blocked, id=11544, stack(0x0000004451900000,0x0000004451a00000)]
  0x00000192bfe77a20 JavaThread "Cache worker for cache directory md-supplier (C:\Users\parkj\.gradle\caches\8.5\md-supplier)" [_thread_blocked, id=12656, stack(0x0000004451a00000,0x0000004451b00000)]
  0x00000192bef24780 JavaThread "Cache worker for cache directory md-rule (C:\Users\parkj\.gradle\caches\8.5\md-rule)" [_thread_blocked, id=19328, stack(0x0000004451b00000,0x0000004451c00000)]
  0x00000192bef25f90 JavaThread "Cache worker for file content cache (C:\Users\parkj\.gradle\caches\8.5\fileContent)" [_thread_blocked, id=324, stack(0x0000004451c00000,0x0000004451d00000)]
  0x00000192bef28140 JavaThread "Cache worker for execution history cache (C:\Users\parkj\.gradle\caches\8.5\executionHistory)" [_thread_blocked, id=1928, stack(0x0000004451d00000,0x0000004451e00000)]
  0x00000192bef242b0 JavaThread "jar transforms" [_thread_blocked, id=2188, stack(0x0000004451e00000,0x0000004451f00000)]
  0x00000192bef28ae0 JavaThread "jar transforms Thread 2" [_thread_blocked, id=15836, stack(0x0000004451f00000,0x0000004452000000)]
  0x00000192bef22f70 JavaThread "jar transforms Thread 3" [_thread_blocked, id=16432, stack(0x0000004452000000,0x0000004452100000)]
  0x00000192bef29950 JavaThread "jar transforms Thread 4" [_thread_blocked, id=8168, stack(0x0000004452100000,0x0000004452200000)]
  0x00000192bef22aa0 JavaThread "Exec process" [_thread_blocked, id=1860, stack(0x0000004452200000,0x0000004452300000)]
  0x00000192bef26460 JavaThread "Exec process Thread 2" [_thread_blocked, id=8040, stack(0x0000004452300000,0x0000004452400000)]
  0x00000192bef22100 JavaThread "Exec process Thread 3" [_thread_blocked, id=14368, stack(0x0000004452400000,0x0000004452500000)]
  0x00000192bef28610 JavaThread "Cache worker for kotlin-dsl (C:\Users\parkj\.gradle\caches\8.5\kotlin-dsl)" [_thread_blocked, id=15520, stack(0x0000004451000000,0x0000004451100000)]
  0x00000192bef23440 JavaThread "jar transforms Thread 5" [_thread_blocked, id=12896, stack(0x0000004452500000,0x0000004452600000)]
  0x00000192bef23de0 JavaThread "jar transforms Thread 6" [_thread_blocked, id=17004, stack(0x0000004452600000,0x0000004452700000)]
  0x00000192bef23910 JavaThread "Unconstrained build operations" [_thread_blocked, id=5312, stack(0x0000004452700000,0x0000004452800000)]
  0x00000192bef29480 JavaThread "Unconstrained build operations Thread 2" [_thread_blocked, id=3224, stack(0x0000004452800000,0x0000004452900000)]
  0x00000192bef25120 JavaThread "jar transforms Thread 7" [_thread_blocked, id=19236, stack(0x0000004452900000,0x0000004452a00000)]
  0x00000192bef28fb0 JavaThread "jar transforms Thread 8" [_thread_blocked, id=2680, stack(0x0000004452a00000,0x0000004452b00000)]
  0x00000192bef255f0 JavaThread "Cache worker for dependencies-accessors (C:\Users\parkj\Codes\React-Native\TaskManager\android\.gradle\8.5\dependencies-accessors)" [_thread_blocked, id=11728, stack(0x0000004452c00000,0x0000004452d00000)]
  0x00000192bef26930 JavaThread "Cache worker for Build Output Cleanup Cache (C:\Users\parkj\Codes\React-Native\TaskManager\node_modules\@react-native\gradle-plugin\.gradle\buildOutputCleanup)" [_thread_blocked, id=2312, stack(0x0000004452b00000,0x0000004452c00000)]
  0x00000192bef272d0 JavaThread "Unconstrained build operations Thread 3" [_thread_blocked, id=14380, stack(0x0000004452d00000,0x0000004452e00000)]
  0x00000192bef277a0 JavaThread "Unconstrained build operations Thread 4" [_thread_blocked, id=2576, stack(0x0000004452e00000,0x0000004452f00000)]
  0x00000192bef27c70 JavaThread "Unconstrained build operations Thread 5" [_thread_blocked, id=6868, stack(0x0000004452f00000,0x0000004453000000)]
  0x00000192bfe79230 JavaThread "Unconstrained build operations Thread 6" [_thread_blocked, id=3532, stack(0x0000004453000000,0x0000004453100000)]
  0x00000192c0f41cb0 JavaThread "Unconstrained build operations Thread 7" [_thread_blocked, id=18716, stack(0x0000004453100000,0x0000004453200000)]
  0x00000192c0f46e80 JavaThread "Unconstrained build operations Thread 8" [_thread_blocked, id=18728, stack(0x0000004453200000,0x0000004453300000)]
  0x00000192c0f48690 JavaThread "Unconstrained build operations Thread 9" [_thread_blocked, id=1268, stack(0x0000004453300000,0x0000004453400000)]
  0x00000192c0f46010 JavaThread "build event listener" [_thread_blocked, id=19712, stack(0x0000004453400000,0x0000004453500000)]
=>0x00000192c077c4f0 JavaThread "C2 CompilerThread1" daemon [_thread_in_native, id=16132, stack(0x0000004453500000,0x0000004453600000)]
  0x00000192c0f481c0 JavaThread "Memory manager" [_thread_blocked, id=19584, stack(0x0000004453600000,0x0000004453700000)]

Other Threads:
  0x00000192ba04ad90 VMThread "VM Thread" [stack: 0x000000444f300000,0x000000444f400000] [id=7684]
  0x000001929be1fc30 WatcherThread "VM Periodic Task Thread" [stack: 0x000000444ff00000,0x0000004450000000] [id=10352]
  0x000001929be7e090 WorkerThread "GC Thread#0" [stack: 0x000000444ee00000,0x000000444ef00000] [id=6044]
  0x00000192bed94c90 WorkerThread "GC Thread#1" [stack: 0x0000004450100000,0x0000004450200000] [id=18780]
  0x00000192bed94f30 WorkerThread "GC Thread#2" [stack: 0x0000004450200000,0x0000004450300000] [id=6284]
  0x00000192befbc290 WorkerThread "GC Thread#3" [stack: 0x0000004450300000,0x0000004450400000] [id=16760]
  0x00000192bee4db90 WorkerThread "GC Thread#4" [stack: 0x0000004450400000,0x0000004450500000] [id=11648]
  0x00000192bfb9dc10 WorkerThread "GC Thread#5" [stack: 0x0000004451100000,0x0000004451200000] [id=18804]
  0x00000192c027eb50 WorkerThread "GC Thread#6" [stack: 0x0000004451200000,0x0000004451300000] [id=6840]
  0x00000192c04014f0 WorkerThread "GC Thread#7" [stack: 0x0000004451300000,0x0000004451400000] [id=9796]
  0x000001929be8efd0 ConcurrentGCThread "G1 Main Marker" [stack: 0x000000444ef00000,0x000000444f000000] [id=17064]
  0x000001929be8f9c0 WorkerThread "G1 Conc#0" [stack: 0x000000444f000000,0x000000444f100000] [id=17396]
  0x00000192c165e440 WorkerThread "G1 Conc#1" [stack: 0x0000004451700000,0x0000004451800000] [id=11360]
  0x000001929bece5f0 ConcurrentGCThread "G1 Refine#0" [stack: 0x000000444f100000,0x000000444f200000] [id=10540]
  0x00000192b9f06130 ConcurrentGCThread "G1 Service" [stack: 0x000000444f200000,0x000000444f300000] [id=3560]

Threads with active compile tasks:
C2 CompilerThread0    21050 6537   !   4       java.net.URL::<init> (543 bytes)
C2 CompilerThread1    21050 6477       4       java.lang.invoke.InvokerBytecodeGenerator::addMethod (725 bytes)

VM state: not at safepoint (normal execution)

VM Mutex/Monitor currently owned by a thread: None

Heap address: 0x0000000080000000, size: 2048 MB, Compressed Oops mode: 32-bit

CDS archive(s) mapped at: [0x0000000800000000-0x0000000800ba0000-0x0000000800ba0000), size 12189696, SharedBaseAddress: 0x0000000800000000, ArchiveRelocationMode: 0.
Compressed class space mapped at: 0x0000000800c00000-0x000000081a800000, reserved size: 432013312
Narrow klass base: 0x0000000800000000, Narrow klass shift: 0, Narrow klass range: 0x100000000

GC Precious Log:
 CardTable entry size: 512
 Card Set container configuration: InlinePtr #cards 5 size 8 Array Of Cards #cards 12 size 40 Howl #buckets 4 coarsen threshold 1843 Howl Bitmap #cards 512 size 80 coarsen threshold 460 Card regions per heap region 1 cards per card region 2048
 CPUs: 8 total, 8 available
 Memory: 7953M
 Large Page Support: Disabled
 NUMA Support: Disabled
 Compressed Oops: Enabled (32-bit)
 Heap Region Size: 1M
 Heap Min Capacity: 8M
 Heap Initial Capacity: 126M
 Heap Max Capacity: 2G
 Pre-touch: Disabled
 Parallel Workers: 8
 Concurrent Workers: 2
 Concurrent Refinement Workers: 8
 Periodic GC: Disabled

Heap:
 garbage-first heap   total 102400K, used 73499K [0x0000000080000000, 0x0000000100000000)
  region size 1024K, 19 young (19456K), 3 survivors (3072K)
 Metaspace       used 59729K, committed 61568K, reserved 487424K
  class space    used 8503K, committed 9472K, reserved 421888K

Heap Regions: E=young(eden), S=young(survivor), O=old, HS=humongous(starts), HC=humongous(continues), CS=collection set, F=free, OA=open archive, CA=closed archive, TAMS=top-at-mark-start (previous, next)
|   0|0x0000000080000000, 0x0000000080100000, 0x0000000080100000|100%|HS|  |TAMS 0x0000000080100000, 0x0000000080000000| Complete 
|   1|0x0000000080100000, 0x0000000080200000, 0x0000000080200000|100%|HC|  |TAMS 0x0000000080200000, 0x0000000080100000| Complete 
|   2|0x0000000080200000, 0x0000000080300000, 0x0000000080300000|100%|HC|  |TAMS 0x0000000080300000, 0x0000000080200000| Complete 
|   3|0x0000000080300000, 0x0000000080400000, 0x0000000080400000|100%|HC|  |TAMS 0x0000000080400000, 0x0000000080300000| Complete 
|   4|0x0000000080400000, 0x0000000080500000, 0x0000000080500000|100%| O|  |TAMS 0x0000000080500000, 0x0000000080400000| Untracked 
|   5|0x0000000080500000, 0x0000000080600000, 0x0000000080600000|100%| O|  |TAMS 0x0000000080600000, 0x0000000080500000| Untracked 
|   6|0x0000000080600000, 0x0000000080700000, 0x0000000080700000|100%| O|  |TAMS 0x0000000080700000, 0x0000000080600000| Untracked 
|   7|0x0000000080700000, 0x0000000080800000, 0x0000000080800000|100%| O|  |TAMS 0x0000000080800000, 0x0000000080700000| Untracked 
|   8|0x0000000080800000, 0x0000000080900000, 0x0000000080900000|100%| O|  |TAMS 0x0000000080900000, 0x0000000080800000| Untracked 
|   9|0x0000000080900000, 0x0000000080a00000, 0x0000000080a00000|100%| O|  |TAMS 0x0000000080a00000, 0x0000000080900000| Untracked 
|  10|0x0000000080a00000, 0x0000000080b00000, 0x0000000080b00000|100%| O|  |TAMS 0x0000000080b00000, 0x0000000080a00000| Untracked 
|  11|0x0000000080b00000, 0x0000000080c00000, 0x0000000080c00000|100%| O|  |TAMS 0x0000000080c00000, 0x0000000080b00000| Untracked 
|  12|0x0000000080c00000, 0x0000000080d00000, 0x0000000080d00000|100%| O|  |TAMS 0x0000000080d00000, 0x0000000080c00000| Untracked 
|  13|0x0000000080d00000, 0x0000000080e00000, 0x0000000080e00000|100%| O|  |TAMS 0x0000000080e00000, 0x0000000080d00000| Untracked 
|  14|0x0000000080e00000, 0x0000000080f00000, 0x0000000080f00000|100%| O|  |TAMS 0x0000000080f00000, 0x0000000080e00000| Untracked 
|  15|0x0000000080f00000, 0x0000000081000000, 0x0000000081000000|100%| O|  |TAMS 0x0000000081000000, 0x0000000080f00000| Untracked 
|  16|0x0000000081000000, 0x0000000081100000, 0x0000000081100000|100%| O|  |TAMS 0x0000000081100000, 0x0000000081000000| Untracked 
|  17|0x0000000081100000, 0x0000000081200000, 0x0000000081200000|100%| O|  |TAMS 0x0000000081200000, 0x0000000081100000| Untracked 
|  18|0x0000000081200000, 0x0000000081300000, 0x0000000081300000|100%| O|  |TAMS 0x0000000081300000, 0x0000000081200000| Untracked 
|  19|0x0000000081300000, 0x00000000813eb800, 0x0000000081400000| 91%| O|  |TAMS 0x00000000813eb800, 0x0000000081300000| Untracked 
|  20|0x0000000081400000, 0x0000000081500000, 0x0000000081500000|100%| O|  |TAMS 0x0000000081500000, 0x0000000081400000| Untracked 
|  21|0x0000000081500000, 0x0000000081600000, 0x0000000081600000|100%| O|  |TAMS 0x0000000081600000, 0x0000000081500000| Untracked 
|  22|0x0000000081600000, 0x0000000081700000, 0x0000000081700000|100%| O|  |TAMS 0x0000000081700000, 0x0000000081600000| Untracked 
|  23|0x0000000081700000, 0x0000000081800000, 0x0000000081800000|100%| O|  |TAMS 0x0000000081800000, 0x0000000081700000| Untracked 
|  24|0x0000000081800000, 0x0000000081900000, 0x0000000081900000|100%| O|  |TAMS 0x0000000081900000, 0x0000000081800000| Untracked 
|  25|0x0000000081900000, 0x0000000081a00000, 0x0000000081a00000|100%| O|  |TAMS 0x0000000081a00000, 0x0000000081900000| Untracked 
|  26|0x0000000081a00000, 0x0000000081b00000, 0x0000000081b00000|100%| O|  |TAMS 0x0000000081b00000, 0x0000000081a00000| Untracked 
|  27|0x0000000081b00000, 0x0000000081c00000, 0x0000000081c00000|100%| O|  |TAMS 0x0000000081c00000, 0x0000000081b00000| Untracked 
|  28|0x0000000081c00000, 0x0000000081d00000, 0x0000000081d00000|100%| O|  |TAMS 0x0000000081d00000, 0x0000000081c00000| Untracked 
|  29|0x0000000081d00000, 0x0000000081e00000, 0x0000000081e00000|100%| O|  |TAMS 0x0000000081e00000, 0x0000000081d00000| Untracked 
|  30|0x0000000081e00000, 0x0000000081f00000, 0x0000000081f00000|100%| O|  |TAMS 0x0000000081f00000, 0x0000000081e00000| Untracked 
|  31|0x0000000081f00000, 0x0000000082000000, 0x0000000082000000|100%| O|  |TAMS 0x0000000082000000, 0x0000000081f00000| Untracked 
|  32|0x0000000082000000, 0x0000000082100000, 0x0000000082100000|100%| O|  |TAMS 0x0000000082100000, 0x0000000082000000| Untracked 
|  33|0x0000000082100000, 0x0000000082200000, 0x0000000082200000|100%| O|  |TAMS 0x0000000082200000, 0x0000000082100000| Untracked 
|  34|0x0000000082200000, 0x0000000082300000, 0x0000000082300000|100%| O|  |TAMS 0x0000000082300000, 0x0000000082200000| Untracked 
|  35|0x0000000082300000, 0x0000000082400000, 0x0000000082400000|100%| O|  |TAMS 0x0000000082400000, 0x0000000082300000| Untracked 
|  36|0x0000000082400000, 0x0000000082500000, 0x0000000082500000|100%| O|  |TAMS 0x0000000082500000, 0x0000000082400000| Untracked 
|  37|0x0000000082500000, 0x0000000082600000, 0x0000000082600000|100%| O|  |TAMS 0x0000000082600000, 0x0000000082500000| Untracked 
|  38|0x0000000082600000, 0x0000000082700000, 0x0000000082700000|100%|HS|  |TAMS 0x0000000082700000, 0x0000000082600000| Complete 
|  39|0x0000000082700000, 0x0000000082800000, 0x0000000082800000|100%|HC|  |TAMS 0x0000000082800000, 0x0000000082700000| Complete 
|  40|0x0000000082800000, 0x0000000082900000, 0x0000000082900000|100%|HS|  |TAMS 0x0000000082900000, 0x0000000082800000| Complete 
|  41|0x0000000082900000, 0x0000000082a00000, 0x0000000082a00000|100%|HC|  |TAMS 0x0000000082a00000, 0x0000000082900000| Complete 
|  42|0x0000000082a00000, 0x0000000082b00000, 0x0000000082b00000|100%|HS|  |TAMS 0x0000000082b00000, 0x0000000082a00000| Complete 
|  43|0x0000000082b00000, 0x0000000082c00000, 0x0000000082c00000|100%|HC|  |TAMS 0x0000000082c00000, 0x0000000082b00000| Complete 
|  44|0x0000000082c00000, 0x0000000082d00000, 0x0000000082d00000|100%|HC|  |TAMS 0x0000000082d00000, 0x0000000082c00000| Complete 
|  45|0x0000000082d00000, 0x0000000082e00000, 0x0000000082e00000|100%|HC|  |TAMS 0x0000000082e00000, 0x0000000082d00000| Complete 
|  46|0x0000000082e00000, 0x0000000082f00000, 0x0000000082f00000|100%|HS|  |TAMS 0x0000000082f00000, 0x0000000082e00000| Complete 
|  47|0x0000000082f00000, 0x0000000083000000, 0x0000000083000000|100%|HC|  |TAMS 0x0000000083000000, 0x0000000082f00000| Complete 
|  48|0x0000000083000000, 0x0000000083100000, 0x0000000083100000|100%|HC|  |TAMS 0x0000000083100000, 0x0000000083000000| Complete 
|  49|0x0000000083100000, 0x0000000083200000, 0x0000000083200000|100%|HC|  |TAMS 0x0000000083200000, 0x0000000083100000| Complete 
|  50|0x0000000083200000, 0x0000000083300000, 0x0000000083300000|100%| O|  |TAMS 0x0000000083300000, 0x0000000083200000| Untracked 
|  51|0x0000000083300000, 0x000000008339e400, 0x0000000083400000| 61%| O|  |TAMS 0x0000000083300000, 0x0000000083300000| Untracked 
|  52|0x0000000083400000, 0x0000000083400000, 0x0000000083500000|  0%| F|  |TAMS 0x0000000083400000, 0x0000000083400000| Untracked 
|  53|0x0000000083500000, 0x0000000083500000, 0x0000000083600000|  0%| F|  |TAMS 0x0000000083500000, 0x0000000083500000| Untracked 
|  54|0x0000000083600000, 0x0000000083600000, 0x0000000083700000|  0%| F|  |TAMS 0x0000000083600000, 0x0000000083600000| Untracked 
|  55|0x0000000083700000, 0x0000000083800000, 0x0000000083800000|100%| O|  |TAMS 0x0000000083800000, 0x0000000083700000| Untracked 
|  56|0x0000000083800000, 0x0000000083900000, 0x0000000083900000|100%| O|  |TAMS 0x0000000083900000, 0x0000000083800000| Untracked 
|  57|0x0000000083900000, 0x0000000083a00000, 0x0000000083a00000|100%| O|  |TAMS 0x0000000083922a00, 0x0000000083900000| Untracked 
|  58|0x0000000083a00000, 0x0000000083a00000, 0x0000000083b00000|  0%| F|  |TAMS 0x0000000083a00000, 0x0000000083a00000| Untracked 
|  59|0x0000000083b00000, 0x0000000083b00000, 0x0000000083c00000|  0%| F|  |TAMS 0x0000000083b00000, 0x0000000083b00000| Untracked 
|  60|0x0000000083c00000, 0x0000000083c00000, 0x0000000083d00000|  0%| F|  |TAMS 0x0000000083c00000, 0x0000000083c00000| Untracked 
|  61|0x0000000083d00000, 0x0000000083d00000, 0x0000000083e00000|  0%| F|  |TAMS 0x0000000083d00000, 0x0000000083d00000| Untracked 
|  62|0x0000000083e00000, 0x0000000083e00000, 0x0000000083f00000|  0%| F|  |TAMS 0x0000000083e00000, 0x0000000083e00000| Untracked 
|  63|0x0000000083f00000, 0x0000000083f00000, 0x0000000084000000|  0%| F|  |TAMS 0x0000000083f00000, 0x0000000083f00000| Untracked 
|  64|0x0000000084000000, 0x0000000084000000, 0x0000000084100000|  0%| F|  |TAMS 0x0000000084000000, 0x0000000084000000| Untracked 
|  65|0x0000000084100000, 0x0000000084100000, 0x0000000084200000|  0%| F|  |TAMS 0x0000000084100000, 0x0000000084100000| Untracked 
|  66|0x0000000084200000, 0x0000000084200000, 0x0000000084300000|  0%| F|  |TAMS 0x0000000084200000, 0x0000000084200000| Untracked 
|  67|0x0000000084300000, 0x0000000084300000, 0x0000000084400000|  0%| F|  |TAMS 0x0000000084300000, 0x0000000084300000| Untracked 
|  68|0x0000000084400000, 0x0000000084400000, 0x0000000084500000|  0%| F|  |TAMS 0x0000000084400000, 0x0000000084400000| Untracked 
|  69|0x0000000084500000, 0x0000000084500000, 0x0000000084600000|  0%| F|  |TAMS 0x0000000084500000, 0x0000000084500000| Untracked 
|  70|0x0000000084600000, 0x0000000084600000, 0x0000000084700000|  0%| F|  |TAMS 0x0000000084600000, 0x0000000084600000| Untracked 
|  71|0x0000000084700000, 0x0000000084700000, 0x0000000084800000|  0%| F|  |TAMS 0x0000000084700000, 0x0000000084700000| Untracked 
|  72|0x0000000084800000, 0x0000000084800000, 0x0000000084900000|  0%| F|  |TAMS 0x0000000084800000, 0x0000000084800000| Untracked 
|  73|0x0000000084900000, 0x0000000084900000, 0x0000000084a00000|  0%| F|  |TAMS 0x0000000084900000, 0x0000000084900000| Untracked 
|  74|0x0000000084a00000, 0x0000000084a00000, 0x0000000084b00000|  0%| F|  |TAMS 0x0000000084a00000, 0x0000000084a00000| Untracked 
|  75|0x0000000084b00000, 0x0000000084b00000, 0x0000000084c00000|  0%| F|  |TAMS 0x0000000084b00000, 0x0000000084b00000| Untracked 
|  76|0x0000000084c00000, 0x0000000084c00000, 0x0000000084d00000|  0%| F|  |TAMS 0x0000000084c00000, 0x0000000084c00000| Untracked 
|  77|0x0000000084d00000, 0x0000000084d3d0f0, 0x0000000084e00000| 23%| S|CS|TAMS 0x0000000084d00000, 0x0000000084d00000| Complete 
|  78|0x0000000084e00000, 0x0000000084f00000, 0x0000000084f00000|100%| S|CS|TAMS 0x0000000084e00000, 0x0000000084e00000| Complete 
|  79|0x0000000084f00000, 0x0000000085000000, 0x0000000085000000|100%| S|CS|TAMS 0x0000000084f00000, 0x0000000084f00000| Complete 
|  80|0x0000000085000000, 0x0000000085000000, 0x0000000085100000|  0%| F|  |TAMS 0x0000000085000000, 0x0000000085000000| Untracked 
|  81|0x0000000085100000, 0x0000000085100000, 0x0000000085200000|  0%| F|  |TAMS 0x0000000085100000, 0x0000000085100000| Untracked 
|  82|0x0000000085200000, 0x0000000085200000, 0x0000000085300000|  0%| F|  |TAMS 0x0000000085200000, 0x0000000085200000| Untracked 
|  83|0x0000000085300000, 0x0000000085300000, 0x0000000085400000|  0%| F|  |TAMS 0x0000000085300000, 0x0000000085300000| Untracked 
|  84|0x0000000085400000, 0x000000008546c758, 0x0000000085500000| 42%| E|  |TAMS 0x0000000085400000, 0x0000000085400000| Complete 
|  85|0x0000000085500000, 0x0000000085600000, 0x0000000085600000|100%| E|CS|TAMS 0x0000000085500000, 0x0000000085500000| Complete 
|  86|0x0000000085600000, 0x0000000085700000, 0x0000000085700000|100%| E|CS|TAMS 0x0000000085600000, 0x0000000085600000| Complete 
|  87|0x0000000085700000, 0x0000000085800000, 0x0000000085800000|100%| E|CS|TAMS 0x0000000085700000, 0x0000000085700000| Complete 
|  88|0x0000000085800000, 0x0000000085900000, 0x0000000085900000|100%| E|CS|TAMS 0x0000000085800000, 0x0000000085800000| Complete 
|  89|0x0000000085900000, 0x0000000085a00000, 0x0000000085a00000|100%| E|CS|TAMS 0x0000000085900000, 0x0000000085900000| Complete 
|  90|0x0000000085a00000, 0x0000000085b00000, 0x0000000085b00000|100%| E|CS|TAMS 0x0000000085a00000, 0x0000000085a00000| Complete 
|  91|0x0000000085b00000, 0x0000000085c00000, 0x0000000085c00000|100%| E|CS|TAMS 0x0000000085b00000, 0x0000000085b00000| Complete 
|  92|0x0000000085c00000, 0x0000000085d00000, 0x0000000085d00000|100%| E|CS|TAMS 0x0000000085c00000, 0x0000000085c00000| Complete 
|  93|0x0000000085d00000, 0x0000000085e00000, 0x0000000085e00000|100%| E|CS|TAMS 0x0000000085d00000, 0x0000000085d00000| Complete 
|  94|0x0000000085e00000, 0x0000000085f00000, 0x0000000085f00000|100%| E|CS|TAMS 0x0000000085e00000, 0x0000000085e00000| Complete 
|  95|0x0000000085f00000, 0x0000000086000000, 0x0000000086000000|100%| E|CS|TAMS 0x0000000085f00000, 0x0000000085f00000| Complete 
|  96|0x0000000086000000, 0x0000000086100000, 0x0000000086100000|100%| E|CS|TAMS 0x0000000086000000, 0x0000000086000000| Complete 
|  97|0x0000000086100000, 0x0000000086200000, 0x0000000086200000|100%| E|CS|TAMS 0x0000000086100000, 0x0000000086100000| Complete 
|  98|0x0000000086200000, 0x0000000086300000, 0x0000000086300000|100%| E|CS|TAMS 0x0000000086200000, 0x0000000086200000| Complete 
| 125|0x0000000087d00000, 0x0000000087e00000, 0x0000000087e00000|100%| E|CS|TAMS 0x0000000087d00000, 0x0000000087d00000| Complete 

Card table byte_map: [0x00000192b2e70000,0x00000192b3270000] _byte_map_base: 0x00000192b2a70000

Marking Bits (Prev, Next): (CMBitMap*) 0x000001929be7e6d0, (CMBitMap*) 0x000001929be7e690
 Prev Bits: [0x00000192b5670000, 0x00000192b7670000)
 Next Bits: [0x00000192b3670000, 0x00000192b5670000)

Polling page: 0x0000019299dd0000

Metaspace:

Usage:
  Non-class:     50.04 MB used.
      Class:      8.31 MB used.
       Both:     58.36 MB used.

Virtual space:
  Non-class space:       64.00 MB reserved,      50.94 MB ( 80%) committed,  1 nodes.
      Class space:      412.00 MB reserved,       9.25 MB (  2%) committed,  1 nodes.
             Both:      476.00 MB reserved,      60.19 MB ( 13%) committed. 

Chunk freelists:
   Non-Class:  816.00 KB
       Class:  2.78 MB
        Both:  3.58 MB

MaxMetaspaceSize: 512.00 MB
CompressedClassSpaceSize: 412.00 MB
Initial GC threshold: 21.00 MB
Current GC threshold: 94.94 MB
CDS: on
MetaspaceReclaimPolicy: balanced
 - commit_granule_bytes: 65536.
 - commit_granule_words: 8192.
 - virtual_space_node_default_size: 8388608.
 - enlarge_chunks_in_place: 1.
 - new_chunks_are_fully_committed: 0.
 - uncommit_free_chunks: 1.
 - use_allocation_guard: 0.


Internal statistics:

num_allocs_failed_limit: 6.
num_arena_births: 3392.
num_arena_deaths: 0.
num_vsnodes_births: 2.
num_vsnodes_deaths: 0.
num_space_committed: 963.
num_space_uncommitted: 0.
num_chunks_returned_to_freelist: 6.
num_chunks_taken_from_freelist: 6287.
num_chunk_merges: 6.
num_chunk_splits: 4041.
num_chunks_enlarged: 2428.
num_inconsistent_stats: 0.

CodeHeap 'non-profiled nmethods': size=120000Kb used=2752Kb max_used=2909Kb free=117247Kb
 bounds [0x00000192ab210000, 0x00000192ab4f0000, 0x00000192b2740000]
CodeHeap 'profiled nmethods': size=120000Kb used=10985Kb max_used=10985Kb free=109014Kb
 bounds [0x00000192a3ce0000, 0x00000192a47b0000, 0x00000192ab210000]
CodeHeap 'non-nmethods': size=5760Kb used=2382Kb max_used=2415Kb free=3377Kb
 bounds [0x00000192a3740000, 0x00000192a39b0000, 0x00000192a3ce0000]
 total_blobs=6554 nmethods=5669 adapters=797
 compilation: enabled
              stopped_count=0, restarted_count=0
 full_count=0

Compilation events (20 events):
Event: 20.909 Thread 0x00000192ba07da60 6516       3       org.gradle.internal.operations.DefaultBuildOperationListenerManager$ProgressShieldingBuildOperationListener::finished (26 bytes)
Event: 20.910 Thread 0x00000192ba07da60 nmethod 6516 0x00000192a3d2c610 code [0x00000192a3d2c7c0, 0x00000192a3d2ca98]
Event: 20.911 Thread 0x00000192ba06b540 nmethod 6511 0x00000192ab456090 code [0x00000192ab456240, 0x00000192ab456868]
Event: 20.913 Thread 0x00000192ba07da60 6517       3       java.lang.invoke.BoundMethodHandle$Species_LLLL::copyWithExtendL (33 bytes)
Event: 20.914 Thread 0x00000192ba07da60 nmethod 6517 0x00000192a3d2be90 code [0x00000192a3d2c060, 0x00000192a3d2c4e8]
Event: 20.915 Thread 0x00000192ba07da60 6518       3       org.gradle.plugin.use.internal.DefaultPluginId::equals (41 bytes)
Event: 20.915 Thread 0x00000192ba07da60 nmethod 6518 0x00000192a3d2b690 code [0x00000192a3d2b860, 0x00000192a3d2bc08]
Event: 20.925 Thread 0x00000192ba06b540 6519       4       java.util.HashMap::resize (356 bytes)
Event: 20.929 Thread 0x00000192ba07da60 6520       3       com.google.common.reflect.TypeResolver$TypeTable::resolveInternal (105 bytes)
Event: 20.930 Thread 0x00000192ba07da60 nmethod 6520 0x00000192a3eb2510 code [0x00000192a3eb27e0, 0x00000192a3eb3788]
Event: 20.930 Thread 0x00000192ba07da60 6521       3       com.google.common.reflect.TypeResolver::<init> (6 bytes)
Event: 20.930 Thread 0x00000192ba07da60 nmethod 6521 0x00000192a3eb2010 code [0x00000192a3eb21c0, 0x00000192a3eb23d8]
Event: 20.943 Thread 0x00000192ba07da60 6523       3       java.lang.String::replaceAll (13 bytes)
Event: 20.943 Thread 0x00000192ba07da60 nmethod 6523 0x00000192a3eb1a90 code [0x00000192a3eb1c60, 0x00000192a3eb1ee8]
Event: 20.957 Thread 0x00000192ba07da60 6525       3       org.gradle.internal.instantiation.generator.AsmBackedClassGenerator$ClassBuilderImpl::access$6800 (4 bytes)
Event: 20.957 Thread 0x00000192ba07da60 nmethod 6525 0x00000192a3eb1790 code [0x00000192a3eb1920, 0x00000192a3eb1a18]
Event: 20.957 Thread 0x00000192ba07da60 6526       1       org.gradle.internal.instantiation.generator.AsmBackedClassGenerator$ClassBuilderImpl::access$7100 (5 bytes)
Event: 20.957 Thread 0x00000192ba07da60 nmethod 6526 0x00000192ab2d1a10 code [0x00000192ab2d1ba0, 0x00000192ab2d1c58]
Event: 20.957 Thread 0x00000192ba06b540 nmethod 6519 0x00000192ab454f90 code [0x00000192ab455160, 0x00000192ab455d48]
Event: 20.957 Thread 0x00000192ba06b540 6522       4       org.objectweb.asm.MethodWriter::visitInsn (115 bytes)

GC Heap History (20 events):
Event: 13.620 GC heap before
{Heap before GC invocations=11 (full 0):
 garbage-first heap   total 81920K, used 35912K [0x0000000080000000, 0x0000000100000000)
  region size 1024K, 5 young (5120K), 4 survivors (4096K)
 Metaspace       used 37767K, committed 39104K, reserved 487424K
  class space    used 5295K, committed 5952K, reserved 421888K
}
Event: 13.626 GC heap after
{Heap after GC invocations=12 (full 0):
 garbage-first heap   total 81920K, used 34628K [0x0000000080000000, 0x0000000100000000)
  region size 1024K, 1 young (1024K), 1 survivors (1024K)
 Metaspace       used 37767K, committed 39104K, reserved 487424K
  class space    used 5295K, committed 5952K, reserved 421888K
}
Event: 14.382 GC heap before
{Heap before GC invocations=12 (full 0):
 garbage-first heap   total 81920K, used 63300K [0x0000000080000000, 0x0000000100000000)
  region size 1024K, 28 young (28672K), 1 survivors (1024K)
 Metaspace       used 40157K, committed 41600K, reserved 487424K
  class space    used 5586K, committed 6336K, reserved 421888K
}
Event: 14.385 GC heap after
{Heap after GC invocations=13 (full 0):
 garbage-first heap   total 81920K, used 35462K [0x0000000080000000, 0x0000000100000000)
  region size 1024K, 2 young (2048K), 2 survivors (2048K)
 Metaspace       used 40157K, committed 41600K, reserved 487424K
  class space    used 5586K, committed 6336K, reserved 421888K
}
Event: 15.315 GC heap before
{Heap before GC invocations=13 (full 0):
 garbage-first heap   total 81920K, used 63110K [0x0000000080000000, 0x0000000100000000)
  region size 1024K, 30 young (30720K), 2 survivors (2048K)
 Metaspace       used 43451K, committed 44992K, reserved 487424K
  class space    used 6089K, committed 6912K, reserved 421888K
}
Event: 15.319 GC heap after
{Heap after GC invocations=14 (full 0):
 garbage-first heap   total 81920K, used 36535K [0x0000000080000000, 0x0000000100000000)
  region size 1024K, 3 young (3072K), 3 survivors (3072K)
 Metaspace       used 43451K, committed 44992K, reserved 487424K
  class space    used 6089K, committed 6912K, reserved 421888K
}
Event: 16.431 GC heap before
{Heap before GC invocations=14 (full 0):
 garbage-first heap   total 81920K, used 65207K [0x0000000080000000, 0x0000000100000000)
  region size 1024K, 31 young (31744K), 3 survivors (3072K)
 Metaspace       used 46785K, committed 48384K, reserved 487424K
  class space    used 6622K, committed 7424K, reserved 421888K
}
Event: 16.436 GC heap after
{Heap after GC invocations=15 (full 0):
 garbage-first heap   total 81920K, used 38489K [0x0000000080000000, 0x0000000100000000)
  region size 1024K, 3 young (3072K), 3 survivors (3072K)
 Metaspace       used 46785K, committed 48384K, reserved 487424K
  class space    used 6622K, committed 7424K, reserved 421888K
}
Event: 17.680 GC heap before
{Heap before GC invocations=15 (full 0):
 garbage-first heap   total 81920K, used 66137K [0x0000000080000000, 0x0000000100000000)
  region size 1024K, 30 young (30720K), 3 survivors (3072K)
 Metaspace       used 49643K, committed 51328K, reserved 487424K
  class space    used 7063K, committed 7936K, reserved 421888K
}
Event: 17.687 GC heap after
{Heap after GC invocations=16 (full 0):
 garbage-first heap   total 81920K, used 40272K [0x0000000080000000, 0x0000000100000000)
  region size 1024K, 4 young (4096K), 4 survivors (4096K)
 Metaspace       used 49643K, committed 51328K, reserved 487424K
  class space    used 7063K, committed 7936K, reserved 421888K
}
Event: 17.837 GC heap before
{Heap before GC invocations=16 (full 0):
 garbage-first heap   total 81920K, used 42320K [0x0000000080000000, 0x0000000100000000)
  region size 1024K, 7 young (7168K), 4 survivors (4096K)
 Metaspace       used 49701K, committed 51456K, reserved 487424K
  class space    used 7063K, committed 7936K, reserved 421888K
}
Event: 17.842 GC heap after
{Heap after GC invocations=17 (full 0):
 garbage-first heap   total 81920K, used 40627K [0x0000000080000000, 0x0000000100000000)
  region size 1024K, 3 young (3072K), 3 survivors (3072K)
 Metaspace       used 49701K, committed 51456K, reserved 487424K
  class space    used 7063K, committed 7936K, reserved 421888K
}
Event: 18.836 GC heap before
{Heap before GC invocations=18 (full 0):
 garbage-first heap   total 81920K, used 66227K [0x0000000080000000, 0x0000000100000000)
  region size 1024K, 25 young (25600K), 3 survivors (3072K)
 Metaspace       used 52108K, committed 53888K, reserved 487424K
  class space    used 7404K, committed 8320K, reserved 421888K
}
Event: 18.842 GC heap after
{Heap after GC invocations=19 (full 0):
 garbage-first heap   total 81920K, used 46308K [0x0000000080000000, 0x0000000100000000)
  region size 1024K, 4 young (4096K), 4 survivors (4096K)
 Metaspace       used 52108K, committed 53888K, reserved 487424K
  class space    used 7404K, committed 8320K, reserved 421888K
}
Event: 19.418 GC heap before
{Heap before GC invocations=20 (full 0):
 garbage-first heap   total 96256K, used 73956K [0x0000000080000000, 0x0000000100000000)
  region size 1024K, 23 young (23552K), 4 survivors (4096K)
 Metaspace       used 53730K, committed 55552K, reserved 487424K
  class space    used 7640K, committed 8576K, reserved 421888K
}
Event: 19.424 GC heap after
{Heap after GC invocations=21 (full 0):
 garbage-first heap   total 96256K, used 56292K [0x0000000080000000, 0x0000000100000000)
  region size 1024K, 2 young (2048K), 2 survivors (2048K)
 Metaspace       used 53730K, committed 55552K, reserved 487424K
  class space    used 7640K, committed 8576K, reserved 421888K
}
Event: 20.017 GC heap before
{Heap before GC invocations=21 (full 0):
 garbage-first heap   total 96256K, used 76772K [0x0000000080000000, 0x0000000100000000)
  region size 1024K, 22 young (22528K), 2 survivors (2048K)
 Metaspace       used 56257K, committed 58048K, reserved 487424K
  class space    used 7962K, committed 8896K, reserved 421888K
}
Event: 20.021 GC heap after
{Heap after GC invocations=22 (full 0):
 garbage-first heap   total 96256K, used 56842K [0x0000000080000000, 0x0000000100000000)
  region size 1024K, 3 young (3072K), 3 survivors (3072K)
 Metaspace       used 56257K, committed 58048K, reserved 487424K
  class space    used 7962K, committed 8896K, reserved 421888K
}
Event: 20.598 GC heap before
{Heap before GC invocations=23 (full 0):
 garbage-first heap   total 102400K, used 77322K [0x0000000080000000, 0x0000000100000000)
  region size 1024K, 23 young (23552K), 3 survivors (3072K)
 Metaspace       used 58095K, committed 59904K, reserved 487424K
  class space    used 8239K, committed 9152K, reserved 421888K
}
Event: 20.603 GC heap after
{Heap after GC invocations=24 (full 0):
 garbage-first heap   total 102400K, used 58139K [0x0000000080000000, 0x0000000100000000)
  region size 1024K, 3 young (3072K), 3 survivors (3072K)
 Metaspace       used 58095K, committed 59904K, reserved 487424K
  class space    used 8239K, committed 9152K, reserved 421888K
}

Deoptimization events (20 events):
Event: 20.175 Thread 0x00000192bffce830 Uncommon trap: trap_request=0xffffffde fr.pc=0x00000192ab28075c relative=0x000000000000047c
Event: 20.175 Thread 0x00000192bffce830 Uncommon trap: reason=class_check action=maybe_recompile pc=0x00000192ab28075c method=kotlin.reflect.jvm.internal.impl.protobuf.CodedInputStream.tryRefillBuffer(I)Z @ 175 c2
Event: 20.175 Thread 0x00000192bffce830 DEOPT PACKING pc=0x00000192ab28075c sp=0x0000004450af5d60
Event: 20.175 Thread 0x00000192bffce830 DEOPT UNPACKING pc=0x00000192a3795c23 sp=0x0000004450af5c48 mode 2
Event: 20.176 Thread 0x00000192bffce830 Uncommon trap: trap_request=0xffffffde fr.pc=0x00000192ab28075c relative=0x000000000000047c
Event: 20.176 Thread 0x00000192bffce830 Uncommon trap: reason=class_check action=maybe_recompile pc=0x00000192ab28075c method=kotlin.reflect.jvm.internal.impl.protobuf.CodedInputStream.tryRefillBuffer(I)Z @ 175 c2
Event: 20.176 Thread 0x00000192bffce830 DEOPT PACKING pc=0x00000192ab28075c sp=0x0000004450af5e50
Event: 20.176 Thread 0x00000192bffce830 DEOPT UNPACKING pc=0x00000192a3795c23 sp=0x0000004450af5d38 mode 2
Event: 20.178 Thread 0x00000192bffce830 Uncommon trap: trap_request=0xffffffde fr.pc=0x00000192ab28075c relative=0x000000000000047c
Event: 20.178 Thread 0x00000192bffce830 Uncommon trap: reason=class_check action=maybe_recompile pc=0x00000192ab28075c method=kotlin.reflect.jvm.internal.impl.protobuf.CodedInputStream.tryRefillBuffer(I)Z @ 175 c2
Event: 20.178 Thread 0x00000192bffce830 DEOPT PACKING pc=0x00000192ab28075c sp=0x0000004450af5e50
Event: 20.178 Thread 0x00000192bffce830 DEOPT UNPACKING pc=0x00000192a3795c23 sp=0x0000004450af5d38 mode 2
Event: 20.518 Thread 0x00000192bffce830 Uncommon trap: trap_request=0xffffffbe fr.pc=0x00000192ab2dbec4 relative=0x00000000000001a4
Event: 20.518 Thread 0x00000192bffce830 Uncommon trap: reason=profile_predicate action=maybe_recompile pc=0x00000192ab2dbec4 method=java.util.LinkedHashMap.keysToArray([Ljava/lang/Object;)[Ljava/lang/Object; @ 12 c2
Event: 20.518 Thread 0x00000192bffce830 DEOPT PACKING pc=0x00000192ab2dbec4 sp=0x0000004450af41e0
Event: 20.518 Thread 0x00000192bffce830 DEOPT UNPACKING pc=0x00000192a3795c23 sp=0x0000004450af4198 mode 2
Event: 20.858 Thread 0x00000192bffce830 Uncommon trap: trap_request=0xffffffbe fr.pc=0x00000192ab2dbec4 relative=0x00000000000001a4
Event: 20.858 Thread 0x00000192bffce830 Uncommon trap: reason=profile_predicate action=maybe_recompile pc=0x00000192ab2dbec4 method=java.util.LinkedHashMap.keysToArray([Ljava/lang/Object;)[Ljava/lang/Object; @ 12 c2
Event: 20.858 Thread 0x00000192bffce830 DEOPT PACKING pc=0x00000192ab2dbec4 sp=0x0000004450af3dd0
Event: 20.858 Thread 0x00000192bffce830 DEOPT UNPACKING pc=0x00000192a3795c23 sp=0x0000004450af3d88 mode 2

Classes loaded (20 events):
Event: 20.665 Loading class javax/xml/parsers/FactoryFinder$1
Event: 20.665 Loading class javax/xml/parsers/FactoryFinder$1 done
Event: 20.666 Loading class com/sun/org/apache/xerces/internal/jaxp/DocumentBuilderFactoryImpl
Event: 20.666 Loading class com/sun/org/apache/xerces/internal/jaxp/DocumentBuilderFactoryImpl done
Event: 20.667 Loading class com/sun/org/apache/xerces/internal/utils/XMLSecurityManager
Event: 20.668 Loading class com/sun/org/apache/xerces/internal/utils/XMLSecurityManager done
Event: 20.668 Loading class com/sun/org/apache/xerces/internal/utils/XMLSecurityManager$Limit
Event: 20.669 Loading class com/sun/org/apache/xerces/internal/utils/XMLSecurityManager$Limit done
Event: 20.669 Loading class com/sun/org/apache/xerces/internal/utils/XMLSecurityManager$NameMap
Event: 20.669 Loading class com/sun/org/apache/xerces/internal/utils/XMLSecurityManager$NameMap done
Event: 20.670 Loading class com/sun/org/apache/xerces/internal/utils/XMLSecurityPropertyManager
Event: 20.671 Loading class com/sun/org/apache/xerces/internal/utils/XMLSecurityPropertyManager done
Event: 20.671 Loading class com/sun/org/apache/xerces/internal/utils/XMLSecurityPropertyManager$State
Event: 20.671 Loading class com/sun/org/apache/xerces/internal/utils/XMLSecurityPropertyManager$State done
Event: 20.671 Loading class com/sun/org/apache/xerces/internal/utils/XMLSecurityPropertyManager$Property
Event: 20.672 Loading class com/sun/org/apache/xerces/internal/utils/XMLSecurityPropertyManager$Property done
Event: 20.719 Loading class java/util/regex/Pattern$SliceI
Event: 20.720 Loading class java/util/regex/Pattern$SliceI done
Event: 20.770 Loading class java/lang/Byte$ByteCache
Event: 20.771 Loading class java/lang/Byte$ByteCache done

Classes unloaded (0 events):
No events

Classes redefined (0 events):
No events

Internal exceptions (20 events):
Event: 17.362 Thread 0x00000192bffce830 Exception <a 'java/lang/NoSuchMethodError'{0x0000000083aa8b88}: static Lorg/gradle/api/internal/catalog/VersionModel;.<clinit>()V> (0x0000000083aa8b88) 
thrown [s\open\src\hotspot\share\prims\jni.cpp, line 1104]
Event: 17.368 Thread 0x00000192bffce830 Exception <a 'java/lang/NoSuchMethodError'{0x0000000083abef30}: 'void java.lang.invoke.DirectMethodHandle$Holder.invokeSpecial(java.lang.Object, java.lang.Object, java.lang.Object, int)'> (0x0000000083abef30) 
thrown [s\open\src\hotspot\share\interpreter\linkResolver.cpp, line 759]
Event: 18.130 Thread 0x00000192bffce830 Exception <a 'java/lang/NoSuchMethodError'{0x0000000084740858}: static Lorg/jetbrains/kotlin/gradle/plugin/internal/DefaultConfigurationTimePropertiesAccessorVariantFactory;.<clinit>()V> (0x0000000084740858) 
thrown [s\open\src\hotspot\share\prims\jni.cpp, line 1104]
Event: 18.137 Thread 0x00000192bffce830 Exception <a 'java/lang/NoSuchMethodError'{0x00000000847612c0}: static Lorg/jetbrains/kotlin/gradle/plugin/internal/DefaultProjectIsolationStartParameterAccessorVariantFactory;.<clinit>()V> (0x00000000847612c0) 
thrown [s\open\src\hotspot\share\prims\jni.cpp, line 1104]
Event: 18.143 Thread 0x00000192bffce830 Exception <a 'java/lang/NoSuchMethodError'{0x0000000084790120}: static Lorg/jetbrains/kotlin/gradle/plugin/internal/DefaultArtifactTypeAttributeAccessorVariantFactory;.<clinit>()V> (0x0000000084790120) 
thrown [s\open\src\hotspot\share\prims\jni.cpp, line 1104]
Event: 18.147 Thread 0x00000192bffce830 Exception <a 'java/lang/NoSuchMethodError'{0x00000000847bebb0}: static Lorg/jetbrains/kotlin/gradle/plugin/internal/DefaultCompatibilityConventionRegistrar$Factory;.<clinit>()V> (0x00000000847bebb0) 
thrown [s\open\src\hotspot\share\prims\jni.cpp, line 1104]
Event: 18.151 Thread 0x00000192bffce830 Exception <a 'java/lang/NoSuchMethodError'{0x00000000847e0160}: static Lorg/jetbrains/kotlin/gradle/plugin/internal/DefaultJavaSourceSetsAccessorVariantFactory;.<clinit>()V> (0x00000000847e0160) 
thrown [s\open\src\hotspot\share\prims\jni.cpp, line 1104]
Event: 18.160 Thread 0x00000192bffce830 Exception <a 'java/lang/NoSuchMethodError'{0x00000000846012a8}: static Lorg/jetbrains/kotlin/gradle/plugin/internal/DefaultIdeaSyncDetectorVariantFactory;.<clinit>()V> (0x00000000846012a8) 
thrown [s\open\src\hotspot\share\prims\jni.cpp, line 1104]
Event: 18.167 Thread 0x00000192bffce830 Exception <a 'java/lang/NoSuchMethodError'{0x0000000084623c10}: static Lorg/jetbrains/kotlin/gradle/plugin/internal/DefaultKotlinTestReportCompatibilityHelperVariantFactory;.<clinit>()V> (0x0000000084623c10) 
thrown [s\open\src\hotspot\share\prims\jni.cpp, line 1104]
Event: 18.172 Thread 0x00000192bffce830 Exception <a 'java/lang/NoSuchMethodError'{0x0000000084645720}: static Lorg/jetbrains/kotlin/gradle/plugin/internal/DefaultMppTestReportHelperVariantFactory;.<clinit>()V> (0x0000000084645720) 
thrown [s\open\src\hotspot\share\prims\jni.cpp, line 1104]
Event: 18.178 Thread 0x00000192bffce830 Exception <a 'java/lang/NoSuchMethodError'{0x0000000084674828}: static Lorg/jetbrains/kotlin/gradle/plugin/internal/DefaultConfigurationCacheStartParameterAccessorVariantFactory;.<clinit>()V> (0x0000000084674828) 
thrown [s\open\src\hotspot\share\prims\jni.cpp, line 1104]
Event: 18.182 Thread 0x00000192bffce830 Exception <a 'java/lang/NoSuchMethodError'{0x0000000084697258}: static Lorg/jetbrains/kotlin/gradle/plugin/internal/MavenPluginConfigurator$DefaultMavenPluginConfiguratorVariantFactory;.<clinit>()V> (0x0000000084697258) 
thrown [s\open\src\hotspot\share\prims\jni.cpp, line 1104]
Event: 18.186 Thread 0x00000192bffce830 Exception <a 'java/lang/NoSuchMethodError'{0x00000000846b7ed8}: static Lorg/jetbrains/kotlin/gradle/targets/js/nodejs/DefaultUnameExecutorVariantFactory;.<clinit>()V> (0x00000000846b7ed8) 
thrown [s\open\src\hotspot\share\prims\jni.cpp, line 1104]
Event: 18.189 Thread 0x00000192bffce830 Exception <a 'java/lang/NoSuchMethodError'{0x00000000846d95b0}: static Lorg/jetbrains/kotlin/gradle/plugin/internal/DefaultBasePluginConfigurationVariantFactory;.<clinit>()V> (0x00000000846d95b0) 
thrown [s\open\src\hotspot\share\prims\jni.cpp, line 1104]
Event: 18.254 Thread 0x00000192bffce830 Exception <a 'java/lang/IncompatibleClassChangeError'{0x0000000084430a90}: Found class java.lang.Object, but interface was expected> (0x0000000084430a90) 
thrown [s\open\src\hotspot\share\interpreter\linkResolver.cpp, line 826]
Event: 18.970 Thread 0x00000192bffce830 Implicit null exception at 0x00000192ab44f2d8 to 0x00000192ab44f344
Event: 18.970 Thread 0x00000192bffce830 Implicit null exception at 0x00000192ab484bf6 to 0x00000192ab48633c
Event: 18.974 Thread 0x00000192bffce830 Exception <a 'java/lang/NoSuchMethodError'{0x0000000085b91578}: 'long java.lang.invoke.DelegatingMethodHandle$Holder.reinvoke_L(java.lang.Object, java.lang.Object)'> (0x0000000085b91578) 
thrown [s\open\src\hotspot\share\interpreter\linkResolver.cpp, line 759]
Event: 20.675 Thread 0x00000192bffce830 Exception <a 'java/lang/NoSuchMethodError'{0x0000000086137fe0}: 'java.lang.Object java.lang.invoke.DirectMethodHandle$Holder.newInvokeSpecial(java.lang.Object, java.lang.Object, java.lang.Object, java.lang.Object, java.lang.Object, java.lang.Object, java.lang.Object, java.lang.Object, java.lang.Object, java.lang.Object, java.lang.Object, java.lang.Object, java.lang.Object, java.lang.Object, java.lang.Object, java.lang.Object)'> (0x0000000086137fe0) 
thrown [s\open\src\hotspot\share\interpreter\linkResolver
Event: 20.676 Thread 0x00000192bffce830 Exception <a 'java/lang/NoSuchMethodError'{0x000000008613f340}: 'java.lang.Object java.lang.invoke.DirectMethodHandle$Holder.invokeSpecial(java.lang.Object, java.lang.Object, java.lang.Object, java.lang.Object, java.lang.Object, java.lang.Object, java.lang.Object, java.lang.Object, java.lang.Object, java.lang.Object, java.lang.Object, java.lang.Object, java.lang.Object, java.lang.Object, java.lang.Object, java.lang.Object, java.lang.Object)'> (0x000000008613f340) 
thrown [s\open\src\hotspot\share\interpret

VM Operations (20 events):
Event: 18.836 Executing VM operation: G1TryInitiateConcMark
Event: 18.843 Executing VM operation: G1TryInitiateConcMark done
Event: 18.911 Executing VM operation: G1Concurrent
Event: 18.915 Executing VM operation: G1Concurrent done
Event: 18.943 Executing VM operation: G1Concurrent
Event: 18.943 Executing VM operation: G1Concurrent done
Event: 19.047 Executing VM operation: HandshakeAllThreads
Event: 19.047 Executing VM operation: HandshakeAllThreads done
Event: 19.072 Executing VM operation: HandshakeAllThreads
Event: 19.072 Executing VM operation: HandshakeAllThreads done
Event: 19.418 Executing VM operation: G1CollectForAllocation
Event: 19.424 Executing VM operation: G1CollectForAllocation done
Event: 20.017 Executing VM operation: G1CollectForAllocation
Event: 20.021 Executing VM operation: G1CollectForAllocation done
Event: 20.087 Executing VM operation: G1Concurrent
Event: 20.091 Executing VM operation: G1Concurrent done
Event: 20.119 Executing VM operation: G1Concurrent
Event: 20.120 Executing VM operation: G1Concurrent done
Event: 20.598 Executing VM operation: G1CollectForAllocation
Event: 20.603 Executing VM operation: G1CollectForAllocation done

Events (20 events):
Event: 17.119 Thread 0x00000192ba09df70 flushing nmethod 0x00000192a46f6c10
Event: 17.119 Thread 0x00000192ba09df70 flushing nmethod 0x00000192a46ff090
Event: 17.119 Thread 0x00000192ba09df70 flushing nmethod 0x00000192a4706490
Event: 17.119 Thread 0x00000192ba09df70 flushing nmethod 0x00000192a4706d10
Event: 17.119 Thread 0x00000192ba09df70 flushing nmethod 0x00000192a4707010
Event: 17.119 Thread 0x00000192ba09df70 flushing nmethod 0x00000192a4768710
Event: 17.119 Thread 0x00000192ba09df70 flushing nmethod 0x00000192a4770b10
Event: 17.119 Thread 0x00000192ba09df70 flushing nmethod 0x00000192a4773890
Event: 17.668 Thread 0x00000192bef272d0 Thread added: 0x00000192bef272d0
Event: 17.669 Thread 0x00000192bef277a0 Thread added: 0x00000192bef277a0
Event: 17.669 Thread 0x00000192bef27c70 Thread added: 0x00000192bef27c70
Event: 17.670 Thread 0x00000192bfe79230 Thread added: 0x00000192bfe79230
Event: 17.670 Thread 0x00000192c0f41cb0 Thread added: 0x00000192c0f41cb0
Event: 17.670 Thread 0x00000192c0f46e80 Thread added: 0x00000192c0f46e80
Event: 17.671 Thread 0x00000192c0f48690 Thread added: 0x00000192c0f48690
Event: 18.715 Thread 0x00000192c0f46010 Thread added: 0x00000192c0f46010
Event: 18.937 Thread 0x00000192c077c4f0 Thread added: 0x00000192c077c4f0
Event: 19.424 Thread 0x00000192c077c4f0 Thread exited: 0x00000192c077c4f0
Event: 20.267 Thread 0x00000192c077c4f0 Thread added: 0x00000192c077c4f0
Event: 20.762 Thread 0x00000192c0f481c0 Thread added: 0x00000192c0f481c0


Dynamic libraries:
0x00007ff720050000 - 0x00007ff720060000 	C:\Program Files\Java\jdk-18.0.2.1\bin\java.exe
0x00007ffe7ec90000 - 0x00007ffe7eea7000 	C:\Windows\SYSTEM32\ntdll.dll
0x00007ffe7d990000 - 0x00007ffe7da54000 	C:\Windows\System32\KERNEL32.DLL
0x00007ffe7bfb0000 - 0x00007ffe7c35d000 	C:\Windows\System32\KERNELBASE.dll
0x00007ffe7c5f0000 - 0x00007ffe7c701000 	C:\Windows\System32\ucrtbase.dll
0x00007ffe64120000 - 0x00007ffe64138000 	C:\Program Files\Java\jdk-18.0.2.1\bin\jli.dll
0x00007ffe5ced0000 - 0x00007ffe5ceea000 	C:\Program Files\Java\jdk-18.0.2.1\bin\VCRUNTIME140.dll
0x00007ffe7d450000 - 0x00007ffe7d502000 	C:\Windows\System32\ADVAPI32.dll
0x00007ffe7eb20000 - 0x00007ffe7ebc7000 	C:\Windows\System32\msvcrt.dll
0x00007ffe7d260000 - 0x00007ffe7d309000 	C:\Windows\System32\sechost.dll
0x00007ffe7c4d0000 - 0x00007ffe7c4f8000 	C:\Windows\System32\bcrypt.dll
0x00007ffe7ce80000 - 0x00007ffe7cf94000 	C:\Windows\System32\RPCRT4.dll
0x00007ffe7dca0000 - 0x00007ffe7de50000 	C:\Windows\System32\USER32.dll
0x00007ffe7c710000 - 0x00007ffe7c736000 	C:\Windows\System32\win32u.dll
0x00007ffe5d6f0000 - 0x00007ffe5d983000 	C:\Windows\WinSxS\amd64_microsoft.windows.common-controls_6595b64144ccf1df_6.0.22621.3646_none_27105dd3738543d4\COMCTL32.dll
0x00007ffe7cdd0000 - 0x00007ffe7cdf9000 	C:\Windows\System32\GDI32.dll
0x00007ffe7c740000 - 0x00007ffe7c859000 	C:\Windows\System32\gdi32full.dll
0x00007ffe7c860000 - 0x00007ffe7c8fa000 	C:\Windows\System32\msvcp_win.dll
0x00007ffe70430000 - 0x00007ffe7043a000 	C:\Windows\SYSTEM32\VERSION.dll
0x00007ffe7ce00000 - 0x00007ffe7ce31000 	C:\Windows\System32\IMM32.DLL
0x00007ffe71410000 - 0x00007ffe7141c000 	C:\Program Files\Java\jdk-18.0.2.1\bin\vcruntime140_1.dll
0x00007ffe4b630000 - 0x00007ffe4b6bd000 	C:\Program Files\Java\jdk-18.0.2.1\bin\msvcp140.dll
0x00007ffe01ee0000 - 0x00007ffe02af1000 	C:\Program Files\Java\jdk-18.0.2.1\bin\server\jvm.dll
0x00007ffe7ce70000 - 0x00007ffe7ce78000 	C:\Windows\System32\PSAPI.DLL
0x00007ffe63040000 - 0x00007ffe63049000 	C:\Windows\SYSTEM32\WSOCK32.dll
0x00007ffe70020000 - 0x00007ffe70054000 	C:\Windows\SYSTEM32\WINMM.dll
0x00007ffe7c9c0000 - 0x00007ffe7ca31000 	C:\Windows\System32\WS2_32.dll
0x00007ffe7b0a0000 - 0x00007ffe7b0b8000 	C:\Windows\SYSTEM32\kernel.appcore.dll
0x00007ffe60dc0000 - 0x00007ffe60dca000 	C:\Program Files\Java\jdk-18.0.2.1\bin\jimage.dll
0x00007ffe79410000 - 0x00007ffe79642000 	C:\Windows\SYSTEM32\DBGHELP.DLL
0x00007ffe7ca40000 - 0x00007ffe7cdce000 	C:\Windows\System32\combase.dll
0x00007ffe7d310000 - 0x00007ffe7d3e7000 	C:\Windows\System32\OLEAUT32.dll
0x00007ffe67030000 - 0x00007ffe67062000 	C:\Windows\SYSTEM32\dbgcore.DLL
0x00007ffe7c500000 - 0x00007ffe7c57b000 	C:\Windows\System32\bcryptPrimitives.dll
0x00007ffe5c670000 - 0x00007ffe5c67e000 	C:\Program Files\Java\jdk-18.0.2.1\bin\instrument.dll
0x00007ffe563c0000 - 0x00007ffe563e5000 	C:\Program Files\Java\jdk-18.0.2.1\bin\java.dll
0x00007ffe2a110000 - 0x00007ffe2a1e6000 	C:\Program Files\Java\jdk-18.0.2.1\bin\jsvml.dll
0x00007ffe7e0f0000 - 0x00007ffe7e957000 	C:\Windows\System32\SHELL32.dll
0x00007ffe79ec0000 - 0x00007ffe7a7be000 	C:\Windows\SYSTEM32\windows.storage.dll
0x00007ffe79d80000 - 0x00007ffe79ebf000 	C:\Windows\SYSTEM32\wintypes.dll
0x00007ffe7ea20000 - 0x00007ffe7eb19000 	C:\Windows\System32\SHCORE.dll
0x00007ffe7e960000 - 0x00007ffe7e9be000 	C:\Windows\System32\shlwapi.dll
0x00007ffe7bee0000 - 0x00007ffe7bf01000 	C:\Windows\SYSTEM32\profapi.dll
0x00007ffe4da50000 - 0x00007ffe4da68000 	C:\Program Files\Java\jdk-18.0.2.1\bin\zip.dll
0x00007ffe563a0000 - 0x00007ffe563b3000 	C:\Program Files\Java\jdk-18.0.2.1\bin\net.dll
0x00007ffe72e20000 - 0x00007ffe72f56000 	C:\Windows\SYSTEM32\WINHTTP.dll
0x00007ffe7b540000 - 0x00007ffe7b5a9000 	C:\Windows\system32\mswsock.dll
0x00007ffe50590000 - 0x00007ffe505a6000 	C:\Program Files\Java\jdk-18.0.2.1\bin\nio.dll
0x00007ffe5e720000 - 0x00007ffe5e730000 	C:\Program Files\Java\jdk-18.0.2.1\bin\verify.dll
0x00007ffe4d520000 - 0x00007ffe4d547000 	C:\Users\parkj\.gradle\native\c067742578af261105cb4f569cf0c3c89f3d7b1fecec35dd04571415982c5e48\windows-amd64\native-platform.dll
0x00007ffe2a780000 - 0x00007ffe2a8c4000 	C:\Users\parkj\.gradle\native\38dada09dfb8b06ba9b0570ebf7e218e3eb74d4ef43ca46872605cf95ebc2f47\windows-amd64\native-platform-file-events.dll
0x00007ffe5d9d0000 - 0x00007ffe5d9d9000 	C:\Program Files\Java\jdk-18.0.2.1\bin\management.dll
0x00007ffe5cfb0000 - 0x00007ffe5cfbb000 	C:\Program Files\Java\jdk-18.0.2.1\bin\management_ext.dll
0x00007ffe7b7a0000 - 0x00007ffe7b7bb000 	C:\Windows\SYSTEM32\CRYPTSP.dll
0x00007ffe7b000000 - 0x00007ffe7b035000 	C:\Windows\system32\rsaenh.dll
0x00007ffe7b640000 - 0x00007ffe7b668000 	C:\Windows\SYSTEM32\USERENV.dll
0x00007ffe7b7c0000 - 0x00007ffe7b7cc000 	C:\Windows\SYSTEM32\CRYPTBASE.dll
0x00007ffe7aa90000 - 0x00007ffe7aabd000 	C:\Windows\SYSTEM32\IPHLPAPI.DLL
0x00007ffe7da60000 - 0x00007ffe7da69000 	C:\Windows\System32\NSI.dll
0x00007ffe73120000 - 0x00007ffe73139000 	C:\Windows\SYSTEM32\dhcpcsvc6.DLL
0x00007ffe71b70000 - 0x00007ffe71b8f000 	C:\Windows\SYSTEM32\dhcpcsvc.DLL
0x00007ffe7aac0000 - 0x00007ffe7abb8000 	C:\Windows\SYSTEM32\DNSAPI.dll

dbghelp: loaded successfully - version: 4.0.5 - missing functions: none
symbol engine: initialized successfully - sym options: 0x614 - pdb path: .;C:\Program Files\Java\jdk-18.0.2.1\bin;C:\Windows\SYSTEM32;C:\Windows\WinSxS\amd64_microsoft.windows.common-controls_6595b64144ccf1df_6.0.22621.3646_none_27105dd3738543d4;C:\Program Files\Java\jdk-18.0.2.1\bin\server;C:\Users\parkj\.gradle\native\c067742578af261105cb4f569cf0c3c89f3d7b1fecec35dd04571415982c5e48\windows-amd64;C:\Users\parkj\.gradle\native\38dada09dfb8b06ba9b0570ebf7e218e3eb74d4ef43ca46872605cf95ebc2f47\windows-amd64

VM Arguments:
jvm_args: -XX:MaxMetaspaceSize=512m --add-opens=java.base/java.util=ALL-UNNAMED --add-opens=java.base/java.lang=ALL-UNNAMED --add-opens=java.base/java.lang.invoke=ALL-UNNAMED --add-opens=java.prefs/java.util.prefs=ALL-UNNAMED --add-opens=java.base/java.nio.charset=ALL-UNNAMED --add-opens=java.base/java.net=ALL-UNNAMED --add-opens=java.base/java.util.concurrent.atomic=ALL-UNNAMED -Xmx2048m -Dfile.encoding=UTF-8 -Duser.country=KR -Duser.language=ko -Duser.variant -javaagent:C:\Users\parkj\.gradle\wrapper\dists\gradle-8.5-all\3zlzzgtsutfj0pbojr50n2l7z\gradle-8.5\lib\agents\gradle-instrumentation-agent-8.5.jar 
java_command: org.gradle.launcher.daemon.bootstrap.GradleDaemon 8.5
java_class_path (initial): C:\Users\parkj\.gradle\wrapper\dists\gradle-8.5-all\3zlzzgtsutfj0pbojr50n2l7z\gradle-8.5\lib\gradle-launcher-8.5.jar
Launcher Type: SUN_STANDARD

[Global flags]
     intx CICompilerCount                          = 4                                         {product} {ergonomic}
   size_t CompressedClassSpaceSize                 = 432013312                                 {product} {ergonomic}
     uint ConcGCThreads                            = 2                                         {product} {ergonomic}
     uint G1ConcRefinementThreads                  = 8                                         {product} {ergonomic}
   size_t G1HeapRegionSize                         = 1048576                                   {product} {ergonomic}
    uintx GCDrainStackTargetSize                   = 64                                        {product} {ergonomic}
   size_t InitialHeapSize                          = 132120576                                 {product} {ergonomic}
   size_t MarkStackSize                            = 4194304                                   {product} {ergonomic}
   size_t MaxHeapSize                              = 2147483648                                {product} {command line}
   size_t MaxMetaspaceSize                         = 536870912                                 {product} {command line}
   size_t MaxNewSize                               = 1287651328                                {product} {ergonomic}
   size_t MinHeapDeltaBytes                        = 1048576                                   {product} {ergonomic}
   size_t MinHeapSize                              = 8388608                                   {product} {ergonomic}
    uintx NonNMethodCodeHeapSize                   = 5839372                                {pd product} {ergonomic}
    uintx NonProfiledCodeHeapSize                  = 122909434                              {pd product} {ergonomic}
    uintx ProfiledCodeHeapSize                     = 122909434                              {pd product} {ergonomic}
    uintx ReservedCodeCacheSize                    = 251658240                              {pd product} {ergonomic}
     bool SegmentedCodeCache                       = true                                      {product} {ergonomic}
   size_t SoftMaxHeapSize                          = 2147483648                             {manageable} {ergonomic}
     bool UseCompressedClassPointers               = true                           {product lp64_product} {ergonomic}
     bool UseCompressedOops                        = true                           {product lp64_product} {ergonomic}
     bool UseG1GC                                  = true                                      {product} {ergonomic}
     bool UseLargePagesIndividualAllocation        = false                                  {pd product} {ergonomic}

Logging:
Log output configuration:
 #0: stdout all=warning uptime,level,tags foldmultilines=false
 #1: stderr all=off uptime,level,tags foldmultilines=false

Environment Variables:
CLASSPATH=C:\Users\parkj\Codes\React-Native\TaskManager\android\\gradle\wrapper\gradle-wrapper.jar
PATH=C:\Users\parkj\Codes\React-Native\TaskManager\node_modules\.bin;C:\Users\parkj\Codes\React-Native\TaskManager\node_modules\.bin;C:\Users\parkj\Codes\React-Native\node_modules\.bin;C:\Users\parkj\Codes\node_modules\.bin;C:\Users\parkj\node_modules\.bin;C:\Users\node_modules\.bin;C:\node_modules\.bin;C:\Program Files\nodejs\node_modules\npm\node_modules\@npmcli\run-script\lib\node-gyp-bin;C:\Users\parkj\Codes\React-Native\TaskManager\node_modules\.bin;C:\Users\parkj\Codes\React-Native\TaskManager\node_modules\.bin;C:\Users\parkj\Codes\React-Native\node_modules\.bin;C:\Users\parkj\Codes\node_modules\.bin;C:\Users\parkj\node_modules\.bin;C:\Users\node_modules\.bin;C:\node_modules\.bin;C:\Program Files\nodejs\node_modules\npm\node_modules\@npmcli\run-script\lib\node-gyp-bin;C:\Python312\Scripts\;C:\Python312\;C:\Program Files\Common Files\Oracle\Java\javapath;C:\Windows\system32;C:\Windows;C:\Windows\System32\Wbem;C:\Windows\System32\WindowsPowerShell\v1.0\;C:\Windows\System32\OpenSSH\;C:\Program Files\dotnet\;C:\adb\;C:\Program Files\nodejs\;C:\ProgramData\chocolatey\bin;C:\Program Files\Git\cmd;C:\Program Files (x86)\Windows Kits\10\Windows Performance Toolkit\;C:\Users\parkj\AppData\Local\Android\Sdk\platform-tools;C:\Users\parkj\AppData\Local\Android\Sdk\tools;C:\Users\parkj\AppData\Local\Android\Sdk\platform-tools;C:\Users\parkj\AppData\Local\Android\Sdk\tools;C:\Users\parkj\AppData\Local\Microsoft\WindowsApps;;C:\Program Files\JetBrains\IntelliJ IDEA 242.19533.56\bin;;C:\Users\parkj\AppData\Local\Programs\Microsoft VS Code\bin;C:\Users\parkj\AppData\Roaming\npm;C:\Users\parkj\.dotnet\tools
USERNAME=parkj
LANG=en_US.UTF-8
OS=Windows_NT
PROCESSOR_IDENTIFIER=Intel64 Family 6 Model 126 Stepping 5, GenuineIntel



---------------  S Y S T E M  ---------------

OS:
 Windows 11 , 64 bit Build 22621 (10.0.22621.3646)
OS uptime: 1 days 6:54 hours
Hyper-V role detected

CPU: total 8 (initial active 8) (4 cores per cpu, 2 threads per core) family 6 model 126 stepping 5 microcode 0xa0, cx8, cmov, fxsr, ht, mmx, 3dnowpref, sse, sse2, sse3, ssse3, sse4.1, sse4.2, popcnt, lzcnt, tsc, tscinvbit, avx, avx2, aes, erms, clmul, bmi1, bmi2, adx, avx512f, avx512dq, avx512cd, avx512bw, avx512vl, sha, fma, vzeroupper, avx512_vpopcntdq, avx512_vpclmulqdq, avx512_vaes, avx512_vnni, clflush, clflushopt, avx512_vbmi2, avx512_vbmi, hv

Memory: 4k page, system-wide physical 7953M (610M free)
TotalPageFile size 16145M (AvailPageFile size 0M)
current process WorkingSet (physical memory assigned to process): 280M, peak: 282M
current process commit charge ("private bytes"): 322M, peak: 324M

vm_info: Java HotSpot(TM) 64-Bit Server VM (18.0.2.1+1-1) for windows-amd64 JRE (18.0.2.1+1-1), built on Aug 16 2022 01:46:33 by "mach5one" with MS VC++ 16.8 / 16.9 (VS2019)

END.
